[0.739s] Invoking command in '/home/lpc/ros2_project/pyqt_ros2/src/qt_ros': PYTHONPATH=/home/lpc/ros2_project/pyqt_ros2/install/qt_ros/lib/python3.8/site-packages:${PYTHONPATH} /usr/bin/python3 setup.py egg_info --egg-base ../../build/qt_ros build --build-base /home/lpc/ros2_project/pyqt_ros2/build/qt_ros/build install --prefix /home/lpc/ros2_project/pyqt_ros2/install/qt_ros --record /home/lpc/ros2_project/pyqt_ros2/build/qt_ros/install.log --single-version-externally-managed
[0.975s] running egg_info
[0.976s] writing ../../build/qt_ros/qt_ros.egg-info/PKG-INFO
[0.977s] writing dependency_links to ../../build/qt_ros/qt_ros.egg-info/dependency_links.txt
[0.977s] writing entry points to ../../build/qt_ros/qt_ros.egg-info/entry_points.txt
[0.977s] writing requirements to ../../build/qt_ros/qt_ros.egg-info/requires.txt
[0.977s] writing top-level names to ../../build/qt_ros/qt_ros.egg-info/top_level.txt
[1.016s] reading manifest file '../../build/qt_ros/qt_ros.egg-info/SOURCES.txt'
[1.017s] writing manifest file '../../build/qt_ros/qt_ros.egg-info/SOURCES.txt'
[1.018s] running build
[1.018s] running build_py
[1.018s] copying qt_ros/submodules/Ui_mainwin.py -> /home/lpc/ros2_project/pyqt_ros2/build/qt_ros/build/lib/qt_ros/submodules
[1.019s] running install
[1.020s] running install_lib
[1.022s] copying /home/lpc/ros2_project/pyqt_ros2/build/qt_ros/build/lib/qt_ros/submodules/Ui_mainwin.py -> /home/lpc/ros2_project/pyqt_ros2/install/qt_ros/lib/python3.8/site-packages/qt_ros/submodules
[1.023s] byte-compiling /home/lpc/ros2_project/pyqt_ros2/install/qt_ros/lib/python3.8/site-packages/qt_ros/submodules/Ui_mainwin.py to Ui_mainwin.cpython-38.pyc
[1.029s] running install_data
[1.030s] running install_egg_info
[1.032s] removing '/home/lpc/ros2_project/pyqt_ros2/install/qt_ros/lib/python3.8/site-packages/qt_ros-0.0.0-py3.8.egg-info' (and everything under it)
[1.032s] Copying ../../build/qt_ros/qt_ros.egg-info to /home/lpc/ros2_project/pyqt_ros2/install/qt_ros/lib/python3.8/site-packages/qt_ros-0.0.0-py3.8.egg-info
[1.033s] running install_scripts
[1.051s] Installing display_gui script to /home/lpc/ros2_project/pyqt_ros2/install/qt_ros/lib/qt_ros
[1.051s] Installing main_gui script to /home/lpc/ros2_project/pyqt_ros2/install/qt_ros/lib/qt_ros
[1.052s] writing list of installed files to '/home/lpc/ros2_project/pyqt_ros2/build/qt_ros/install.log'
[1.073s] Invoked command in '/home/lpc/ros2_project/pyqt_ros2/src/qt_ros' returned '0': PYTHONPATH=/home/lpc/ros2_project/pyqt_ros2/install/qt_ros/lib/python3.8/site-packages:${PYTHONPATH} /usr/bin/python3 setup.py egg_info --egg-base ../../build/qt_ros build --build-base /home/lpc/ros2_project/pyqt_ros2/build/qt_ros/build install --prefix /home/lpc/ros2_project/pyqt_ros2/install/qt_ros --record /home/lpc/ros2_project/pyqt_ros2/build/qt_ros/install.log --single-version-externally-managed
