running egg_info
writing ../../build/qt_ros/qt_ros.egg-info/PKG-INFO
writing dependency_links to ../../build/qt_ros/qt_ros.egg-info/dependency_links.txt
writing entry points to ../../build/qt_ros/qt_ros.egg-info/entry_points.txt
writing requirements to ../../build/qt_ros/qt_ros.egg-info/requires.txt
writing top-level names to ../../build/qt_ros/qt_ros.egg-info/top_level.txt
reading manifest file '../../build/qt_ros/qt_ros.egg-info/SOURCES.txt'
writing manifest file '../../build/qt_ros/qt_ros.egg-info/SOURCES.txt'
running build
running build_py
copying qt_ros/submodules/strategies.py -> /home/lpc/ros2_project/pyqt_ros2/build/qt_ros/build/lib/qt_ros/submodules
copying qt_ros/submodules/test_ARIE_formulation.py -> /home/lpc/ros2_project/pyqt_ros2/build/qt_ros/build/lib/qt_ros/submodules
copying qt_ros/submodules/ARIE.py -> /home/lpc/ros2_project/pyqt_ros2/build/qt_ros/build/lib/qt_ros/submodules
copying qt_ros/submodules/perception.py -> /home/lpc/ros2_project/pyqt_ros2/build/qt_ros/build/lib/qt_ros/submodules
copying qt_ros/submodules/Taskrequirement.py -> /home/lpc/ros2_project/pyqt_ros2/build/qt_ros/build/lib/qt_ros/submodules
copying qt_ros/submodules/ui_control.py -> /home/lpc/ros2_project/pyqt_ros2/build/qt_ros/build/lib/qt_ros/submodules
running install
running install_lib
copying /home/lpc/ros2_project/pyqt_ros2/build/qt_ros/build/lib/qt_ros/submodules/strategies.py -> /home/lpc/ros2_project/pyqt_ros2/install/qt_ros/lib/python3.8/site-packages/qt_ros/submodules
copying /home/lpc/ros2_project/pyqt_ros2/build/qt_ros/build/lib/qt_ros/submodules/test_ARIE_formulation.py -> /home/lpc/ros2_project/pyqt_ros2/install/qt_ros/lib/python3.8/site-packages/qt_ros/submodules
copying /home/lpc/ros2_project/pyqt_ros2/build/qt_ros/build/lib/qt_ros/submodules/ARIE.py -> /home/lpc/ros2_project/pyqt_ros2/install/qt_ros/lib/python3.8/site-packages/qt_ros/submodules
copying /home/lpc/ros2_project/pyqt_ros2/build/qt_ros/build/lib/qt_ros/submodules/perception.py -> /home/lpc/ros2_project/pyqt_ros2/install/qt_ros/lib/python3.8/site-packages/qt_ros/submodules
copying /home/lpc/ros2_project/pyqt_ros2/build/qt_ros/build/lib/qt_ros/submodules/Taskrequirement.py -> /home/lpc/ros2_project/pyqt_ros2/install/qt_ros/lib/python3.8/site-packages/qt_ros/submodules
copying /home/lpc/ros2_project/pyqt_ros2/build/qt_ros/build/lib/qt_ros/submodules/ui_control.py -> /home/lpc/ros2_project/pyqt_ros2/install/qt_ros/lib/python3.8/site-packages/qt_ros/submodules
byte-compiling /home/lpc/ros2_project/pyqt_ros2/install/qt_ros/lib/python3.8/site-packages/qt_ros/submodules/strategies.py to strategies.cpython-38.pyc
byte-compiling /home/lpc/ros2_project/pyqt_ros2/install/qt_ros/lib/python3.8/site-packages/qt_ros/submodules/test_ARIE_formulation.py to test_ARIE_formulation.cpython-38.pyc
byte-compiling /home/lpc/ros2_project/pyqt_ros2/install/qt_ros/lib/python3.8/site-packages/qt_ros/submodules/ARIE.py to ARIE.cpython-38.pyc
byte-compiling /home/lpc/ros2_project/pyqt_ros2/install/qt_ros/lib/python3.8/site-packages/qt_ros/submodules/perception.py to perception.cpython-38.pyc
byte-compiling /home/lpc/ros2_project/pyqt_ros2/install/qt_ros/lib/python3.8/site-packages/qt_ros/submodules/Taskrequirement.py to Taskrequirement.cpython-38.pyc
byte-compiling /home/lpc/ros2_project/pyqt_ros2/install/qt_ros/lib/python3.8/site-packages/qt_ros/submodules/ui_control.py to ui_control.cpython-38.pyc
running install_data
running install_egg_info
removing '/home/lpc/ros2_project/pyqt_ros2/install/qt_ros/lib/python3.8/site-packages/qt_ros-0.0.0-py3.8.egg-info' (and everything under it)
Copying ../../build/qt_ros/qt_ros.egg-info to /home/lpc/ros2_project/pyqt_ros2/install/qt_ros/lib/python3.8/site-packages/qt_ros-0.0.0-py3.8.egg-info
running install_scripts
Installing display_gui script to /home/lpc/ros2_project/pyqt_ros2/install/qt_ros/lib/qt_ros
Installing main_gui script to /home/lpc/ros2_project/pyqt_ros2/install/qt_ros/lib/qt_ros
writing list of installed files to '/home/lpc/ros2_project/pyqt_ros2/build/qt_ros/install.log'
