[0.597s] DEBUG:colcon:Command line arguments: ['/usr/bin/colcon', 'build']
[0.597s] DEBUG:colcon:Parsed command line arguments: Namespace(allow_overriding=[], ament_cmake_args=None, base_paths=['.'], build_base='build', catkin_cmake_args=None, catkin_skip_building_tests=False, cmake_args=None, cmake_clean_cache=False, cmake_clean_first=False, cmake_force_configure=False, cmake_target=None, cmake_target_skip_unavailable=False, continue_on_error=False, event_handlers=None, executor='parallel', ignore_user_meta=False, install_base='install', log_base=None, log_level=None, main=<bound method BuildVerb.main of <colcon_core.verb.build.BuildVerb object at 0x7fcade9f1730>>, merge_install=False, metas=['./colcon.meta'], packages_above=None, packages_above_and_dependencies=None, packages_above_depth=None, packages_end=None, packages_ignore=None, packages_ignore_regex=None, packages_select=None, packages_select_build_failed=False, packages_select_by_dep=None, packages_select_regex=None, packages_select_test_failures=False, packages_skip=None, packages_skip_build_finished=False, packages_skip_by_dep=None, packages_skip_regex=None, packages_skip_test_passed=False, packages_skip_up_to=None, packages_start=None, packages_up_to=None, packages_up_to_regex=None, parallel_workers=4, paths=None, symlink_install=False, test_result_base=None, verb_extension=<colcon_core.verb.build.BuildVerb object at 0x7fcade9f1730>, verb_name='build', verb_parser=<colcon_defaults.argument_parser.defaults.DefaultArgumentsDecorator object at 0x7fcade9f1c70>)
[0.855s] Level 1:colcon.colcon_core.package_discovery:discover_packages(colcon_meta) check parameters
[0.855s] Level 1:colcon.colcon_core.package_discovery:discover_packages(recursive) check parameters
[0.855s] Level 1:colcon.colcon_core.package_discovery:discover_packages(ignore) check parameters
[0.855s] Level 1:colcon.colcon_core.package_discovery:discover_packages(path) check parameters
[0.855s] Level 1:colcon.colcon_core.package_discovery:discover_packages(colcon_meta) discover
[0.855s] Level 1:colcon.colcon_core.package_discovery:discover_packages(recursive) discover
[0.855s] INFO:colcon.colcon_core.package_discovery:Crawling recursively for packages in '/home/lpc/ros2_project/pyqt_ros2'
[0.855s] Level 1:colcon.colcon_core.package_identification:_identify(.) by extensions ['ignore', 'ignore_ament_install']
[0.855s] Level 1:colcon.colcon_core.package_identification:_identify(.) by extension 'ignore'
[0.856s] Level 1:colcon.colcon_core.package_identification:_identify(.) by extension 'ignore_ament_install'
[0.856s] Level 1:colcon.colcon_core.package_identification:_identify(.) by extensions ['colcon_pkg']
[0.856s] Level 1:colcon.colcon_core.package_identification:_identify(.) by extension 'colcon_pkg'
[0.856s] Level 1:colcon.colcon_core.package_identification:_identify(.) by extensions ['colcon_meta']
[0.856s] Level 1:colcon.colcon_core.package_identification:_identify(.) by extension 'colcon_meta'
[0.856s] Level 1:colcon.colcon_core.package_identification:_identify(.) by extensions ['ros']
[0.856s] Level 1:colcon.colcon_core.package_identification:_identify(.) by extension 'ros'
[0.874s] Level 1:colcon.colcon_core.package_identification:_identify(.) by extensions ['cmake', 'python']
[0.874s] Level 1:colcon.colcon_core.package_identification:_identify(.) by extension 'cmake'
[0.874s] Level 1:colcon.colcon_core.package_identification:_identify(.) by extension 'python'
[0.874s] Level 1:colcon.colcon_core.package_identification:_identify(.) by extensions ['python_setup_py']
[0.874s] Level 1:colcon.colcon_core.package_identification:_identify(.) by extension 'python_setup_py'
[0.874s] Level 1:colcon.colcon_core.package_identification:_identify(build) by extensions ['ignore', 'ignore_ament_install']
[0.875s] Level 1:colcon.colcon_core.package_identification:_identify(build) by extension 'ignore'
[0.875s] Level 1:colcon.colcon_core.package_identification:_identify(build) ignored
[0.875s] Level 1:colcon.colcon_core.package_identification:_identify(install) by extensions ['ignore', 'ignore_ament_install']
[0.875s] Level 1:colcon.colcon_core.package_identification:_identify(install) by extension 'ignore'
[0.875s] Level 1:colcon.colcon_core.package_identification:_identify(install) ignored
[0.875s] Level 1:colcon.colcon_core.package_identification:_identify(log) by extensions ['ignore', 'ignore_ament_install']
[0.875s] Level 1:colcon.colcon_core.package_identification:_identify(log) by extension 'ignore'
[0.875s] Level 1:colcon.colcon_core.package_identification:_identify(log) ignored
[0.876s] Level 1:colcon.colcon_core.package_identification:_identify(src) by extensions ['ignore', 'ignore_ament_install']
[0.876s] Level 1:colcon.colcon_core.package_identification:_identify(src) by extension 'ignore'
[0.876s] Level 1:colcon.colcon_core.package_identification:_identify(src) by extension 'ignore_ament_install'
[0.876s] Level 1:colcon.colcon_core.package_identification:_identify(src) by extensions ['colcon_pkg']
[0.876s] Level 1:colcon.colcon_core.package_identification:_identify(src) by extension 'colcon_pkg'
[0.876s] Level 1:colcon.colcon_core.package_identification:_identify(src) by extensions ['colcon_meta']
[0.876s] Level 1:colcon.colcon_core.package_identification:_identify(src) by extension 'colcon_meta'
[0.876s] Level 1:colcon.colcon_core.package_identification:_identify(src) by extensions ['ros']
[0.876s] Level 1:colcon.colcon_core.package_identification:_identify(src) by extension 'ros'
[0.876s] Level 1:colcon.colcon_core.package_identification:_identify(src) by extensions ['cmake', 'python']
[0.876s] Level 1:colcon.colcon_core.package_identification:_identify(src) by extension 'cmake'
[0.877s] Level 1:colcon.colcon_core.package_identification:_identify(src) by extension 'python'
[0.877s] Level 1:colcon.colcon_core.package_identification:_identify(src) by extensions ['python_setup_py']
[0.877s] Level 1:colcon.colcon_core.package_identification:_identify(src) by extension 'python_setup_py'
[0.877s] Level 1:colcon.colcon_core.package_identification:_identify(src/qt_ros) by extensions ['ignore', 'ignore_ament_install']
[0.877s] Level 1:colcon.colcon_core.package_identification:_identify(src/qt_ros) by extension 'ignore'
[0.877s] Level 1:colcon.colcon_core.package_identification:_identify(src/qt_ros) by extension 'ignore_ament_install'
[0.877s] Level 1:colcon.colcon_core.package_identification:_identify(src/qt_ros) by extensions ['colcon_pkg']
[0.877s] Level 1:colcon.colcon_core.package_identification:_identify(src/qt_ros) by extension 'colcon_pkg'
[0.877s] Level 1:colcon.colcon_core.package_identification:_identify(src/qt_ros) by extensions ['colcon_meta']
[0.877s] Level 1:colcon.colcon_core.package_identification:_identify(src/qt_ros) by extension 'colcon_meta'
[0.877s] Level 1:colcon.colcon_core.package_identification:_identify(src/qt_ros) by extensions ['ros']
[0.878s] Level 1:colcon.colcon_core.package_identification:_identify(src/qt_ros) by extension 'ros'
[0.915s] DEBUG:colcon.colcon_core.package_identification:Package 'src/qt_ros' with type 'ros.ament_python' and name 'qt_ros'
[0.916s] Level 1:colcon.colcon_core.package_discovery:discover_packages(recursive) using defaults
[0.916s] Level 1:colcon.colcon_core.package_discovery:discover_packages(ignore) discover
[0.916s] Level 1:colcon.colcon_core.package_discovery:discover_packages(ignore) using defaults
[0.916s] Level 1:colcon.colcon_core.package_discovery:discover_packages(path) discover
[0.916s] Level 1:colcon.colcon_core.package_discovery:discover_packages(path) using defaults
[1.002s] Level 1:colcon.colcon_core.package_discovery:discover_packages(prefix_path) check parameters
[1.002s] Level 1:colcon.colcon_core.package_discovery:discover_packages(prefix_path) discover
[1.017s] DEBUG:colcon.colcon_installed_package_information.package_discovery:Found 1 installed packages in /home/lpc/ros2_project/pyqt_ros2/install
[1.018s] DEBUG:colcon.colcon_installed_package_information.package_discovery:Found 318 installed packages in /opt/ros/foxy
[1.020s] Level 1:colcon.colcon_core.package_discovery:discover_packages(prefix_path) using defaults
[1.591s] Level 5:colcon.colcon_core.verb:set package 'qt_ros' build argument 'cmake_args' from command line to 'None'
[1.591s] Level 5:colcon.colcon_core.verb:set package 'qt_ros' build argument 'cmake_target' from command line to 'None'
[1.591s] Level 5:colcon.colcon_core.verb:set package 'qt_ros' build argument 'cmake_target_skip_unavailable' from command line to 'False'
[1.591s] Level 5:colcon.colcon_core.verb:set package 'qt_ros' build argument 'cmake_clean_cache' from command line to 'False'
[1.591s] Level 5:colcon.colcon_core.verb:set package 'qt_ros' build argument 'cmake_clean_first' from command line to 'False'
[1.592s] Level 5:colcon.colcon_core.verb:set package 'qt_ros' build argument 'cmake_force_configure' from command line to 'False'
[1.592s] Level 5:colcon.colcon_core.verb:set package 'qt_ros' build argument 'ament_cmake_args' from command line to 'None'
[1.592s] Level 5:colcon.colcon_core.verb:set package 'qt_ros' build argument 'catkin_cmake_args' from command line to 'None'
[1.592s] Level 5:colcon.colcon_core.verb:set package 'qt_ros' build argument 'catkin_skip_building_tests' from command line to 'False'
[1.592s] DEBUG:colcon.colcon_core.verb:Building package 'qt_ros' with the following arguments: {'ament_cmake_args': None, 'build_base': '/home/lpc/ros2_project/pyqt_ros2/build/qt_ros', 'catkin_cmake_args': None, 'catkin_skip_building_tests': False, 'cmake_args': None, 'cmake_clean_cache': False, 'cmake_clean_first': False, 'cmake_force_configure': False, 'cmake_target': None, 'cmake_target_skip_unavailable': False, 'install_base': '/home/lpc/ros2_project/pyqt_ros2/install/qt_ros', 'merge_install': False, 'path': '/home/lpc/ros2_project/pyqt_ros2/src/qt_ros', 'symlink_install': False, 'test_result_base': None}
[1.592s] INFO:colcon.colcon_core.executor:Executing jobs using 'parallel' executor
[1.594s] DEBUG:colcon.colcon_parallel_executor.executor.parallel:run_until_complete
[1.595s] INFO:colcon.colcon_ros.task.ament_python.build:Building ROS package in '/home/lpc/ros2_project/pyqt_ros2/src/qt_ros' with build type 'ament_python'
[1.595s] Level 1:colcon.colcon_core.shell:create_environment_hook('qt_ros', 'ament_prefix_path')
[1.664s] INFO:colcon.colcon_core.plugin_system:Skipping extension 'colcon_core.shell.bat': Not used on non-Windows systems
[1.665s] INFO:colcon.colcon_core.shell:Creating environment hook '/home/lpc/ros2_project/pyqt_ros2/install/qt_ros/share/qt_ros/hook/ament_prefix_path.ps1'
[1.665s] INFO:colcon.colcon_core.shell:Creating environment descriptor '/home/lpc/ros2_project/pyqt_ros2/install/qt_ros/share/qt_ros/hook/ament_prefix_path.dsv'
[1.674s] INFO:colcon.colcon_core.shell:Creating environment hook '/home/lpc/ros2_project/pyqt_ros2/install/qt_ros/share/qt_ros/hook/ament_prefix_path.sh'
[1.686s] INFO:colcon.colcon_core.shell:Skip shell extension 'powershell' for command environment: Not usable outside of PowerShell
[1.686s] DEBUG:colcon.colcon_core.shell:Skip shell extension 'dsv' for command environment
[2.015s] INFO:colcon.colcon_core.task.python.build:Building Python package in '/home/lpc/ros2_project/pyqt_ros2/src/qt_ros'
[2.016s] INFO:colcon.colcon_core.shell:Skip shell extension 'powershell' for command environment: Not usable outside of PowerShell
[2.016s] DEBUG:colcon.colcon_core.shell:Skip shell extension 'dsv' for command environment
[3.409s] DEBUG:colcon.colcon_core.event_handler.log_command:Invoking command in '/home/lpc/ros2_project/pyqt_ros2/src/qt_ros': PYTHONPATH=/home/lpc/ros2_project/pyqt_ros2/install/qt_ros/lib/python3.8/site-packages:${PYTHONPATH} /usr/bin/python3 setup.py egg_info --egg-base ../../build/qt_ros build --build-base /home/lpc/ros2_project/pyqt_ros2/build/qt_ros/build install --prefix /home/lpc/ros2_project/pyqt_ros2/install/qt_ros --record /home/lpc/ros2_project/pyqt_ros2/build/qt_ros/install.log --single-version-externally-managed
[3.928s] DEBUG:colcon.colcon_core.event_handler.log_command:Invoked command in '/home/lpc/ros2_project/pyqt_ros2/src/qt_ros' returned '0': PYTHONPATH=/home/lpc/ros2_project/pyqt_ros2/install/qt_ros/lib/python3.8/site-packages:${PYTHONPATH} /usr/bin/python3 setup.py egg_info --egg-base ../../build/qt_ros build --build-base /home/lpc/ros2_project/pyqt_ros2/build/qt_ros/build install --prefix /home/lpc/ros2_project/pyqt_ros2/install/qt_ros --record /home/lpc/ros2_project/pyqt_ros2/build/qt_ros/install.log --single-version-externally-managed
[3.960s] Level 1:colcon.colcon_core.environment:checking '/home/lpc/ros2_project/pyqt_ros2/install/qt_ros' for CMake module files
[3.960s] Level 1:colcon.colcon_core.environment:checking '/home/lpc/ros2_project/pyqt_ros2/install/qt_ros' for CMake config files
[3.961s] Level 1:colcon.colcon_core.environment:checking '/home/lpc/ros2_project/pyqt_ros2/install/qt_ros/lib'
[3.961s] Level 1:colcon.colcon_core.environment:checking '/home/lpc/ros2_project/pyqt_ros2/install/qt_ros/bin'
[3.962s] Level 1:colcon.colcon_core.environment:checking '/home/lpc/ros2_project/pyqt_ros2/install/qt_ros/lib/pkgconfig/qt_ros.pc'
[3.962s] Level 1:colcon.colcon_core.environment:checking '/home/lpc/ros2_project/pyqt_ros2/install/qt_ros/lib/python3.8/site-packages'
[3.962s] Level 1:colcon.colcon_core.shell:create_environment_hook('qt_ros', 'pythonpath')
[3.963s] INFO:colcon.colcon_core.shell:Creating environment hook '/home/lpc/ros2_project/pyqt_ros2/install/qt_ros/share/qt_ros/hook/pythonpath.ps1'
[3.963s] INFO:colcon.colcon_core.shell:Creating environment descriptor '/home/lpc/ros2_project/pyqt_ros2/install/qt_ros/share/qt_ros/hook/pythonpath.dsv'
[3.964s] INFO:colcon.colcon_core.shell:Creating environment hook '/home/lpc/ros2_project/pyqt_ros2/install/qt_ros/share/qt_ros/hook/pythonpath.sh'
[3.964s] Level 1:colcon.colcon_core.environment:checking '/home/lpc/ros2_project/pyqt_ros2/install/qt_ros/bin'
[3.964s] Level 1:colcon.colcon_core.environment:create_environment_scripts_only(qt_ros)
[3.965s] INFO:colcon.colcon_core.shell:Creating package script '/home/lpc/ros2_project/pyqt_ros2/install/qt_ros/share/qt_ros/package.ps1'
[3.966s] INFO:colcon.colcon_core.shell:Creating package descriptor '/home/lpc/ros2_project/pyqt_ros2/install/qt_ros/share/qt_ros/package.dsv'
[3.977s] INFO:colcon.colcon_core.shell:Creating package script '/home/lpc/ros2_project/pyqt_ros2/install/qt_ros/share/qt_ros/package.sh'
[3.978s] INFO:colcon.colcon_core.shell:Creating package script '/home/lpc/ros2_project/pyqt_ros2/install/qt_ros/share/qt_ros/package.bash'
[3.987s] INFO:colcon.colcon_core.shell:Creating package script '/home/lpc/ros2_project/pyqt_ros2/install/qt_ros/share/qt_ros/package.zsh'
[4.005s] Level 1:colcon.colcon_core.environment:create_file_with_runtime_dependencies(/home/lpc/ros2_project/pyqt_ros2/install/qt_ros/share/colcon-core/packages/qt_ros)
[4.005s] DEBUG:colcon.colcon_parallel_executor.executor.parallel:closing loop
[4.006s] DEBUG:colcon.colcon_parallel_executor.executor.parallel:loop closed
[4.006s] DEBUG:colcon.colcon_parallel_executor.executor.parallel:run_until_complete finished with '0'
[4.006s] DEBUG:colcon.colcon_core.event_reactor:joining thread
[4.031s] INFO:colcon.colcon_core.plugin_system:Skipping extension 'colcon_notification.desktop_notification.terminal_notifier': Not used on non-Darwin systems
[4.031s] INFO:colcon.colcon_core.plugin_system:Skipping extension 'colcon_notification.desktop_notification.win32': Not used on non-Windows systems
[4.032s] INFO:colcon.colcon_notification.desktop_notification:Sending desktop notification using 'notify2'
[4.081s] DEBUG:colcon.colcon_core.event_reactor:joined thread
[4.081s] INFO:colcon.colcon_core.shell:Creating prefix script '/home/lpc/ros2_project/pyqt_ros2/install/local_setup.ps1'
[4.083s] INFO:colcon.colcon_core.shell:Creating prefix util module '/home/lpc/ros2_project/pyqt_ros2/install/_local_setup_util_ps1.py'
[4.085s] INFO:colcon.colcon_core.shell:Creating prefix chain script '/home/lpc/ros2_project/pyqt_ros2/install/setup.ps1'
[4.086s] INFO:colcon.colcon_core.shell:Creating prefix script '/home/lpc/ros2_project/pyqt_ros2/install/local_setup.sh'
[4.087s] INFO:colcon.colcon_core.shell:Creating prefix util module '/home/lpc/ros2_project/pyqt_ros2/install/_local_setup_util_sh.py'
[4.087s] INFO:colcon.colcon_core.shell:Creating prefix chain script '/home/lpc/ros2_project/pyqt_ros2/install/setup.sh'
[4.089s] INFO:colcon.colcon_core.shell:Creating prefix script '/home/lpc/ros2_project/pyqt_ros2/install/local_setup.bash'
[4.092s] INFO:colcon.colcon_core.shell:Creating prefix chain script '/home/lpc/ros2_project/pyqt_ros2/install/setup.bash'
[4.093s] INFO:colcon.colcon_core.shell:Creating prefix script '/home/lpc/ros2_project/pyqt_ros2/install/local_setup.zsh'
[4.095s] INFO:colcon.colcon_core.shell:Creating prefix chain script '/home/lpc/ros2_project/pyqt_ros2/install/setup.zsh'
