[0.630s] DEBUG:colcon:Command line arguments: ['/usr/bin/colcon', 'build', '--packages-select', 'qt_ros']
[0.631s] DEBUG:colcon:Parsed command line arguments: Namespace(allow_overriding=[], ament_cmake_args=None, base_paths=['.'], build_base='build', catkin_cmake_args=None, catkin_skip_building_tests=False, cmake_args=None, cmake_clean_cache=False, cmake_clean_first=False, cmake_force_configure=False, cmake_target=None, cmake_target_skip_unavailable=False, continue_on_error=False, event_handlers=None, executor='parallel', ignore_user_meta=False, install_base='install', log_base=None, log_level=None, main=<bound method BuildVerb.main of <colcon_core.verb.build.BuildVerb object at 0x7fb71c8336a0>>, merge_install=False, metas=['./colcon.meta'], packages_above=None, packages_above_and_dependencies=None, packages_above_depth=None, packages_end=None, packages_ignore=None, packages_ignore_regex=None, packages_select=['qt_ros'], packages_select_build_failed=False, packages_select_by_dep=None, packages_select_regex=None, packages_select_test_failures=False, packages_skip=None, packages_skip_build_finished=False, packages_skip_by_dep=None, packages_skip_regex=None, packages_skip_test_passed=False, packages_skip_up_to=None, packages_start=None, packages_up_to=None, packages_up_to_regex=None, parallel_workers=4, paths=None, symlink_install=False, test_result_base=None, verb_extension=<colcon_core.verb.build.BuildVerb object at 0x7fb71c8336a0>, verb_name='build', verb_parser=<colcon_defaults.argument_parser.defaults.DefaultArgumentsDecorator object at 0x7fb71c833be0>)
[0.878s] Level 1:colcon.colcon_core.package_discovery:discover_packages(colcon_meta) check parameters
[0.878s] Level 1:colcon.colcon_core.package_discovery:discover_packages(recursive) check parameters
[0.879s] Level 1:colcon.colcon_core.package_discovery:discover_packages(ignore) check parameters
[0.879s] Level 1:colcon.colcon_core.package_discovery:discover_packages(path) check parameters
[0.879s] Level 1:colcon.colcon_core.package_discovery:discover_packages(colcon_meta) discover
[0.879s] Level 1:colcon.colcon_core.package_discovery:discover_packages(recursive) discover
[0.879s] INFO:colcon.colcon_core.package_discovery:Crawling recursively for packages in '/home/lpc/ros2_project/pyqt_ros2'
[0.880s] Level 1:colcon.colcon_core.package_identification:_identify(.) by extensions ['ignore', 'ignore_ament_install']
[0.880s] Level 1:colcon.colcon_core.package_identification:_identify(.) by extension 'ignore'
[0.880s] Level 1:colcon.colcon_core.package_identification:_identify(.) by extension 'ignore_ament_install'
[0.881s] Level 1:colcon.colcon_core.package_identification:_identify(.) by extensions ['colcon_pkg']
[0.881s] Level 1:colcon.colcon_core.package_identification:_identify(.) by extension 'colcon_pkg'
[0.881s] Level 1:colcon.colcon_core.package_identification:_identify(.) by extensions ['colcon_meta']
[0.881s] Level 1:colcon.colcon_core.package_identification:_identify(.) by extension 'colcon_meta'
[0.881s] Level 1:colcon.colcon_core.package_identification:_identify(.) by extensions ['ros']
[0.882s] Level 1:colcon.colcon_core.package_identification:_identify(.) by extension 'ros'
[0.910s] Level 1:colcon.colcon_core.package_identification:_identify(.) by extensions ['cmake', 'python']
[0.910s] Level 1:colcon.colcon_core.package_identification:_identify(.) by extension 'cmake'
[0.910s] Level 1:colcon.colcon_core.package_identification:_identify(.) by extension 'python'
[0.910s] Level 1:colcon.colcon_core.package_identification:_identify(.) by extensions ['python_setup_py']
[0.910s] Level 1:colcon.colcon_core.package_identification:_identify(.) by extension 'python_setup_py'
[0.911s] Level 1:colcon.colcon_core.package_identification:_identify(build) by extensions ['ignore', 'ignore_ament_install']
[0.911s] Level 1:colcon.colcon_core.package_identification:_identify(build) by extension 'ignore'
[0.911s] Level 1:colcon.colcon_core.package_identification:_identify(build) ignored
[0.911s] Level 1:colcon.colcon_core.package_identification:_identify(install) by extensions ['ignore', 'ignore_ament_install']
[0.911s] Level 1:colcon.colcon_core.package_identification:_identify(install) by extension 'ignore'
[0.911s] Level 1:colcon.colcon_core.package_identification:_identify(install) ignored
[0.911s] Level 1:colcon.colcon_core.package_identification:_identify(log) by extensions ['ignore', 'ignore_ament_install']
[0.911s] Level 1:colcon.colcon_core.package_identification:_identify(log) by extension 'ignore'
[0.912s] Level 1:colcon.colcon_core.package_identification:_identify(log) ignored
[0.912s] Level 1:colcon.colcon_core.package_identification:_identify(src) by extensions ['ignore', 'ignore_ament_install']
[0.912s] Level 1:colcon.colcon_core.package_identification:_identify(src) by extension 'ignore'
[0.912s] Level 1:colcon.colcon_core.package_identification:_identify(src) by extension 'ignore_ament_install'
[0.912s] Level 1:colcon.colcon_core.package_identification:_identify(src) by extensions ['colcon_pkg']
[0.912s] Level 1:colcon.colcon_core.package_identification:_identify(src) by extension 'colcon_pkg'
[0.912s] Level 1:colcon.colcon_core.package_identification:_identify(src) by extensions ['colcon_meta']
[0.912s] Level 1:colcon.colcon_core.package_identification:_identify(src) by extension 'colcon_meta'
[0.912s] Level 1:colcon.colcon_core.package_identification:_identify(src) by extensions ['ros']
[0.912s] Level 1:colcon.colcon_core.package_identification:_identify(src) by extension 'ros'
[0.912s] Level 1:colcon.colcon_core.package_identification:_identify(src) by extensions ['cmake', 'python']
[0.912s] Level 1:colcon.colcon_core.package_identification:_identify(src) by extension 'cmake'
[0.912s] Level 1:colcon.colcon_core.package_identification:_identify(src) by extension 'python'
[0.913s] Level 1:colcon.colcon_core.package_identification:_identify(src) by extensions ['python_setup_py']
[0.913s] Level 1:colcon.colcon_core.package_identification:_identify(src) by extension 'python_setup_py'
[0.913s] Level 1:colcon.colcon_core.package_identification:_identify(src/qt_ros) by extensions ['ignore', 'ignore_ament_install']
[0.913s] Level 1:colcon.colcon_core.package_identification:_identify(src/qt_ros) by extension 'ignore'
[0.913s] Level 1:colcon.colcon_core.package_identification:_identify(src/qt_ros) by extension 'ignore_ament_install'
[0.913s] Level 1:colcon.colcon_core.package_identification:_identify(src/qt_ros) by extensions ['colcon_pkg']
[0.913s] Level 1:colcon.colcon_core.package_identification:_identify(src/qt_ros) by extension 'colcon_pkg'
[0.913s] Level 1:colcon.colcon_core.package_identification:_identify(src/qt_ros) by extensions ['colcon_meta']
[0.913s] Level 1:colcon.colcon_core.package_identification:_identify(src/qt_ros) by extension 'colcon_meta'
[0.913s] Level 1:colcon.colcon_core.package_identification:_identify(src/qt_ros) by extensions ['ros']
[0.913s] Level 1:colcon.colcon_core.package_identification:_identify(src/qt_ros) by extension 'ros'
[0.947s] DEBUG:colcon.colcon_core.package_identification:Package 'src/qt_ros' with type 'ros.ament_python' and name 'qt_ros'
[0.947s] Level 1:colcon.colcon_core.package_discovery:discover_packages(recursive) using defaults
[0.947s] Level 1:colcon.colcon_core.package_discovery:discover_packages(ignore) discover
[0.947s] Level 1:colcon.colcon_core.package_discovery:discover_packages(ignore) using defaults
[0.947s] Level 1:colcon.colcon_core.package_discovery:discover_packages(path) discover
[0.947s] Level 1:colcon.colcon_core.package_discovery:discover_packages(path) using defaults
[1.011s] Level 1:colcon.colcon_core.package_discovery:discover_packages(prefix_path) check parameters
[1.011s] Level 1:colcon.colcon_core.package_discovery:discover_packages(prefix_path) discover
[1.027s] DEBUG:colcon.colcon_installed_package_information.package_discovery:Found 1 installed packages in /home/lpc/ros2_project/pyqt_ros2/install
[1.029s] DEBUG:colcon.colcon_installed_package_information.package_discovery:Found 318 installed packages in /opt/ros/foxy
[1.031s] Level 1:colcon.colcon_core.package_discovery:discover_packages(prefix_path) using defaults
[1.631s] Level 5:colcon.colcon_core.verb:set package 'qt_ros' build argument 'cmake_args' from command line to 'None'
[1.631s] Level 5:colcon.colcon_core.verb:set package 'qt_ros' build argument 'cmake_target' from command line to 'None'
[1.631s] Level 5:colcon.colcon_core.verb:set package 'qt_ros' build argument 'cmake_target_skip_unavailable' from command line to 'False'
[1.631s] Level 5:colcon.colcon_core.verb:set package 'qt_ros' build argument 'cmake_clean_cache' from command line to 'False'
[1.631s] Level 5:colcon.colcon_core.verb:set package 'qt_ros' build argument 'cmake_clean_first' from command line to 'False'
[1.631s] Level 5:colcon.colcon_core.verb:set package 'qt_ros' build argument 'cmake_force_configure' from command line to 'False'
[1.631s] Level 5:colcon.colcon_core.verb:set package 'qt_ros' build argument 'ament_cmake_args' from command line to 'None'
[1.631s] Level 5:colcon.colcon_core.verb:set package 'qt_ros' build argument 'catkin_cmake_args' from command line to 'None'
[1.631s] Level 5:colcon.colcon_core.verb:set package 'qt_ros' build argument 'catkin_skip_building_tests' from command line to 'False'
[1.631s] DEBUG:colcon.colcon_core.verb:Building package 'qt_ros' with the following arguments: {'ament_cmake_args': None, 'build_base': '/home/lpc/ros2_project/pyqt_ros2/build/qt_ros', 'catkin_cmake_args': None, 'catkin_skip_building_tests': False, 'cmake_args': None, 'cmake_clean_cache': False, 'cmake_clean_first': False, 'cmake_force_configure': False, 'cmake_target': None, 'cmake_target_skip_unavailable': False, 'install_base': '/home/lpc/ros2_project/pyqt_ros2/install/qt_ros', 'merge_install': False, 'path': '/home/lpc/ros2_project/pyqt_ros2/src/qt_ros', 'symlink_install': False, 'test_result_base': None}
[1.632s] INFO:colcon.colcon_core.executor:Executing jobs using 'parallel' executor
[1.634s] DEBUG:colcon.colcon_parallel_executor.executor.parallel:run_until_complete
[1.634s] INFO:colcon.colcon_ros.task.ament_python.build:Building ROS package in '/home/lpc/ros2_project/pyqt_ros2/src/qt_ros' with build type 'ament_python'
[1.634s] Level 1:colcon.colcon_core.shell:create_environment_hook('qt_ros', 'ament_prefix_path')
[1.740s] INFO:colcon.colcon_core.plugin_system:Skipping extension 'colcon_core.shell.bat': Not used on non-Windows systems
[1.741s] INFO:colcon.colcon_core.shell:Creating environment hook '/home/lpc/ros2_project/pyqt_ros2/install/qt_ros/share/qt_ros/hook/ament_prefix_path.ps1'
[1.750s] INFO:colcon.colcon_core.shell:Creating environment descriptor '/home/lpc/ros2_project/pyqt_ros2/install/qt_ros/share/qt_ros/hook/ament_prefix_path.dsv'
[1.763s] INFO:colcon.colcon_core.shell:Creating environment hook '/home/lpc/ros2_project/pyqt_ros2/install/qt_ros/share/qt_ros/hook/ament_prefix_path.sh'
[1.764s] INFO:colcon.colcon_core.shell:Skip shell extension 'powershell' for command environment: Not usable outside of PowerShell
[1.764s] DEBUG:colcon.colcon_core.shell:Skip shell extension 'dsv' for command environment
[2.070s] INFO:colcon.colcon_core.task.python.build:Building Python package in '/home/lpc/ros2_project/pyqt_ros2/src/qt_ros'
[2.071s] INFO:colcon.colcon_core.shell:Skip shell extension 'powershell' for command environment: Not usable outside of PowerShell
[2.071s] DEBUG:colcon.colcon_core.shell:Skip shell extension 'dsv' for command environment
[3.487s] DEBUG:colcon.colcon_core.event_handler.log_command:Invoking command in '/home/lpc/ros2_project/pyqt_ros2/src/qt_ros': PYTHONPATH=/home/lpc/ros2_project/pyqt_ros2/install/qt_ros/lib/python3.8/site-packages:${PYTHONPATH} /usr/bin/python3 setup.py egg_info --egg-base ../../build/qt_ros build --build-base /home/lpc/ros2_project/pyqt_ros2/build/qt_ros/build install --prefix /home/lpc/ros2_project/pyqt_ros2/install/qt_ros --record /home/lpc/ros2_project/pyqt_ros2/build/qt_ros/install.log --single-version-externally-managed
[3.882s] DEBUG:colcon.colcon_core.event_handler.log_command:Invoked command in '/home/lpc/ros2_project/pyqt_ros2/src/qt_ros' returned '0': PYTHONPATH=/home/lpc/ros2_project/pyqt_ros2/install/qt_ros/lib/python3.8/site-packages:${PYTHONPATH} /usr/bin/python3 setup.py egg_info --egg-base ../../build/qt_ros build --build-base /home/lpc/ros2_project/pyqt_ros2/build/qt_ros/build install --prefix /home/lpc/ros2_project/pyqt_ros2/install/qt_ros --record /home/lpc/ros2_project/pyqt_ros2/build/qt_ros/install.log --single-version-externally-managed
[3.915s] Level 1:colcon.colcon_core.environment:checking '/home/lpc/ros2_project/pyqt_ros2/install/qt_ros' for CMake module files
[3.916s] Level 1:colcon.colcon_core.environment:checking '/home/lpc/ros2_project/pyqt_ros2/install/qt_ros' for CMake config files
[3.917s] Level 1:colcon.colcon_core.environment:checking '/home/lpc/ros2_project/pyqt_ros2/install/qt_ros/lib'
[3.917s] Level 1:colcon.colcon_core.environment:checking '/home/lpc/ros2_project/pyqt_ros2/install/qt_ros/bin'
[3.918s] Level 1:colcon.colcon_core.environment:checking '/home/lpc/ros2_project/pyqt_ros2/install/qt_ros/lib/pkgconfig/qt_ros.pc'
[3.918s] Level 1:colcon.colcon_core.environment:checking '/home/lpc/ros2_project/pyqt_ros2/install/qt_ros/lib/python3.8/site-packages'
[3.918s] Level 1:colcon.colcon_core.shell:create_environment_hook('qt_ros', 'pythonpath')
[3.919s] INFO:colcon.colcon_core.shell:Creating environment hook '/home/lpc/ros2_project/pyqt_ros2/install/qt_ros/share/qt_ros/hook/pythonpath.ps1'
[3.919s] INFO:colcon.colcon_core.shell:Creating environment descriptor '/home/lpc/ros2_project/pyqt_ros2/install/qt_ros/share/qt_ros/hook/pythonpath.dsv'
[3.920s] INFO:colcon.colcon_core.shell:Creating environment hook '/home/lpc/ros2_project/pyqt_ros2/install/qt_ros/share/qt_ros/hook/pythonpath.sh'
[3.921s] Level 1:colcon.colcon_core.environment:checking '/home/lpc/ros2_project/pyqt_ros2/install/qt_ros/bin'
[3.921s] Level 1:colcon.colcon_core.environment:create_environment_scripts_only(qt_ros)
[3.922s] INFO:colcon.colcon_core.shell:Creating package script '/home/lpc/ros2_project/pyqt_ros2/install/qt_ros/share/qt_ros/package.ps1'
[3.923s] INFO:colcon.colcon_core.shell:Creating package descriptor '/home/lpc/ros2_project/pyqt_ros2/install/qt_ros/share/qt_ros/package.dsv'
[3.933s] INFO:colcon.colcon_core.shell:Creating package script '/home/lpc/ros2_project/pyqt_ros2/install/qt_ros/share/qt_ros/package.sh'
[3.934s] INFO:colcon.colcon_core.shell:Creating package script '/home/lpc/ros2_project/pyqt_ros2/install/qt_ros/share/qt_ros/package.bash'
[3.943s] INFO:colcon.colcon_core.shell:Creating package script '/home/lpc/ros2_project/pyqt_ros2/install/qt_ros/share/qt_ros/package.zsh'
[3.960s] Level 1:colcon.colcon_core.environment:create_file_with_runtime_dependencies(/home/lpc/ros2_project/pyqt_ros2/install/qt_ros/share/colcon-core/packages/qt_ros)
[3.960s] DEBUG:colcon.colcon_parallel_executor.executor.parallel:closing loop
[3.961s] DEBUG:colcon.colcon_parallel_executor.executor.parallel:loop closed
[3.961s] DEBUG:colcon.colcon_parallel_executor.executor.parallel:run_until_complete finished with '0'
[3.961s] DEBUG:colcon.colcon_core.event_reactor:joining thread
[3.988s] INFO:colcon.colcon_core.plugin_system:Skipping extension 'colcon_notification.desktop_notification.terminal_notifier': Not used on non-Darwin systems
[3.988s] INFO:colcon.colcon_core.plugin_system:Skipping extension 'colcon_notification.desktop_notification.win32': Not used on non-Windows systems
[3.988s] INFO:colcon.colcon_notification.desktop_notification:Sending desktop notification using 'notify2'
[4.016s] DEBUG:colcon.colcon_core.event_reactor:joined thread
[4.017s] INFO:colcon.colcon_core.shell:Creating prefix script '/home/lpc/ros2_project/pyqt_ros2/install/local_setup.ps1'
[4.019s] INFO:colcon.colcon_core.shell:Creating prefix util module '/home/lpc/ros2_project/pyqt_ros2/install/_local_setup_util_ps1.py'
[4.021s] INFO:colcon.colcon_core.shell:Creating prefix chain script '/home/lpc/ros2_project/pyqt_ros2/install/setup.ps1'
[4.022s] INFO:colcon.colcon_core.shell:Creating prefix script '/home/lpc/ros2_project/pyqt_ros2/install/local_setup.sh'
[4.023s] INFO:colcon.colcon_core.shell:Creating prefix util module '/home/lpc/ros2_project/pyqt_ros2/install/_local_setup_util_sh.py'
[4.023s] INFO:colcon.colcon_core.shell:Creating prefix chain script '/home/lpc/ros2_project/pyqt_ros2/install/setup.sh'
[4.025s] INFO:colcon.colcon_core.shell:Creating prefix script '/home/lpc/ros2_project/pyqt_ros2/install/local_setup.bash'
[4.025s] INFO:colcon.colcon_core.shell:Creating prefix chain script '/home/lpc/ros2_project/pyqt_ros2/install/setup.bash'
[4.027s] INFO:colcon.colcon_core.shell:Creating prefix script '/home/lpc/ros2_project/pyqt_ros2/install/local_setup.zsh'
[4.028s] INFO:colcon.colcon_core.shell:Creating prefix chain script '/home/lpc/ros2_project/pyqt_ros2/install/setup.zsh'
