[0.742s] Invoking command in '/home/lpc/ros2_project/pyqt_ros2/src/qt_ros': PYTHONPATH=/home/lpc/ros2_project/pyqt_ros2/install/qt_ros/lib/python3.8/site-packages:${PYTHONPATH} /usr/bin/python3 setup.py egg_info --egg-base ../../build/qt_ros build --build-base /home/lpc/ros2_project/pyqt_ros2/build/qt_ros/build install --prefix /home/lpc/ros2_project/pyqt_ros2/install/qt_ros --record /home/lpc/ros2_project/pyqt_ros2/build/qt_ros/install.log --single-version-externally-managed
[0.976s] running egg_info
[0.977s] writing ../../build/qt_ros/qt_ros.egg-info/PKG-INFO
[0.978s] writing dependency_links to ../../build/qt_ros/qt_ros.egg-info/dependency_links.txt
[0.978s] writing entry points to ../../build/qt_ros/qt_ros.egg-info/entry_points.txt
[0.978s] writing requirements to ../../build/qt_ros/qt_ros.egg-info/requires.txt
[0.978s] writing top-level names to ../../build/qt_ros/qt_ros.egg-info/top_level.txt
[1.018s] reading manifest file '../../build/qt_ros/qt_ros.egg-info/SOURCES.txt'
[1.019s] writing manifest file '../../build/qt_ros/qt_ros.egg-info/SOURCES.txt'
[1.019s] running build
[1.019s] running build_py
[1.021s] running install
[1.022s] running install_lib
[1.024s] running install_data
[1.025s] running install_egg_info
[1.027s] removing '/home/lpc/ros2_project/pyqt_ros2/install/qt_ros/lib/python3.8/site-packages/qt_ros-0.0.0-py3.8.egg-info' (and everything under it)
[1.027s] Copying ../../build/qt_ros/qt_ros.egg-info to /home/lpc/ros2_project/pyqt_ros2/install/qt_ros/lib/python3.8/site-packages/qt_ros-0.0.0-py3.8.egg-info
[1.028s] running install_scripts
[1.046s] Installing display_gui script to /home/lpc/ros2_project/pyqt_ros2/install/qt_ros/lib/qt_ros
[1.047s] Installing main_gui script to /home/lpc/ros2_project/pyqt_ros2/install/qt_ros/lib/qt_ros
[1.047s] writing list of installed files to '/home/lpc/ros2_project/pyqt_ros2/build/qt_ros/install.log'
[1.069s] Invoked command in '/home/lpc/ros2_project/pyqt_ros2/src/qt_ros' returned '0': PYTHONPATH=/home/lpc/ros2_project/pyqt_ros2/install/qt_ros/lib/python3.8/site-packages:${PYTHONPATH} /usr/bin/python3 setup.py egg_info --egg-base ../../build/qt_ros build --build-base /home/lpc/ros2_project/pyqt_ros2/build/qt_ros/build install --prefix /home/lpc/ros2_project/pyqt_ros2/install/qt_ros --record /home/lpc/ros2_project/pyqt_ros2/build/qt_ros/install.log --single-version-externally-managed
