[0.734s] Invoking command in '/home/lpc/ros2_project/pyqt_ros2/src/qt_ros': PYTHONPATH=/home/lpc/ros2_project/pyqt_ros2/install/qt_ros/lib/python3.8/site-packages:${PYTHONPATH} /usr/bin/python3 setup.py egg_info --egg-base ../../build/qt_ros build --build-base /home/lpc/ros2_project/pyqt_ros2/build/qt_ros/build install --prefix /home/lpc/ros2_project/pyqt_ros2/install/qt_ros --record /home/lpc/ros2_project/pyqt_ros2/build/qt_ros/install.log --single-version-externally-managed
[0.967s] running egg_info
[0.968s] writing ../../build/qt_ros/qt_ros.egg-info/PKG-INFO
[0.968s] writing dependency_links to ../../build/qt_ros/qt_ros.egg-info/dependency_links.txt
[0.969s] writing entry points to ../../build/qt_ros/qt_ros.egg-info/entry_points.txt
[0.969s] writing requirements to ../../build/qt_ros/qt_ros.egg-info/requires.txt
[0.969s] writing top-level names to ../../build/qt_ros/qt_ros.egg-info/top_level.txt
[1.005s] reading manifest file '../../build/qt_ros/qt_ros.egg-info/SOURCES.txt'
[1.007s] writing manifest file '../../build/qt_ros/qt_ros.egg-info/SOURCES.txt'
[1.007s] running build
[1.007s] running build_py
[1.007s] copying qt_ros/display_gui.py -> /home/lpc/ros2_project/pyqt_ros2/build/qt_ros/build/lib/qt_ros
[1.009s] running install
[1.010s] running install_lib
[1.011s] copying /home/lpc/ros2_project/pyqt_ros2/build/qt_ros/build/lib/qt_ros/display_gui.py -> /home/lpc/ros2_project/pyqt_ros2/install/qt_ros/lib/python3.8/site-packages/qt_ros
[1.012s] byte-compiling /home/lpc/ros2_project/pyqt_ros2/install/qt_ros/lib/python3.8/site-packages/qt_ros/display_gui.py to display_gui.cpython-38.pyc
[1.014s] running install_data
[1.015s] running install_egg_info
[1.017s] removing '/home/lpc/ros2_project/pyqt_ros2/install/qt_ros/lib/python3.8/site-packages/qt_ros-0.0.0-py3.8.egg-info' (and everything under it)
[1.017s] Copying ../../build/qt_ros/qt_ros.egg-info to /home/lpc/ros2_project/pyqt_ros2/install/qt_ros/lib/python3.8/site-packages/qt_ros-0.0.0-py3.8.egg-info
[1.018s] running install_scripts
[1.037s] Installing main_gui script to /home/lpc/ros2_project/pyqt_ros2/install/qt_ros/lib/qt_ros
[1.038s] writing list of installed files to '/home/lpc/ros2_project/pyqt_ros2/build/qt_ros/install.log'
[1.060s] Invoked command in '/home/lpc/ros2_project/pyqt_ros2/src/qt_ros' returned '0': PYTHONPATH=/home/lpc/ros2_project/pyqt_ros2/install/qt_ros/lib/python3.8/site-packages:${PYTHONPATH} /usr/bin/python3 setup.py egg_info --egg-base ../../build/qt_ros build --build-base /home/lpc/ros2_project/pyqt_ros2/build/qt_ros/build install --prefix /home/lpc/ros2_project/pyqt_ros2/install/qt_ros --record /home/lpc/ros2_project/pyqt_ros2/build/qt_ros/install.log --single-version-externally-managed
