[0.739s] Invoking command in '/home/lpc/ros2_project/pyqt_ros2/src/qt_ros': PYTHONPATH=/home/lpc/ros2_project/pyqt_ros2/install/qt_ros/lib/python3.8/site-packages:${PYTHONPATH} /usr/bin/python3 setup.py egg_info --egg-base ../../build/qt_ros build --build-base /home/lpc/ros2_project/pyqt_ros2/build/qt_ros/build install --prefix /home/lpc/ros2_project/pyqt_ros2/install/qt_ros --record /home/lpc/ros2_project/pyqt_ros2/build/qt_ros/install.log --single-version-externally-managed
[0.978s] running egg_info
[0.978s] writing ../../build/qt_ros/qt_ros.egg-info/PKG-INFO
[0.979s] writing dependency_links to ../../build/qt_ros/qt_ros.egg-info/dependency_links.txt
[0.979s] writing entry points to ../../build/qt_ros/qt_ros.egg-info/entry_points.txt
[0.980s] writing requirements to ../../build/qt_ros/qt_ros.egg-info/requires.txt
[0.980s] writing top-level names to ../../build/qt_ros/qt_ros.egg-info/top_level.txt
[1.019s] reading manifest file '../../build/qt_ros/qt_ros.egg-info/SOURCES.txt'
[1.020s] writing manifest file '../../build/qt_ros/qt_ros.egg-info/SOURCES.txt'
[1.020s] running build
[1.020s] running build_py
[1.021s] copying qt_ros/main_gui.py -> /home/lpc/ros2_project/pyqt_ros2/build/qt_ros/build/lib/qt_ros
[1.021s] copying qt_ros/submodules/layout.py -> /home/lpc/ros2_project/pyqt_ros2/build/qt_ros/build/lib/qt_ros/submodules
[1.021s] copying qt_ros/submodules/display_gui.py -> /home/lpc/ros2_project/pyqt_ros2/build/qt_ros/build/lib/qt_ros/submodules
[1.021s] copying qt_ros/submodules/Ui_mainwin.py -> /home/lpc/ros2_project/pyqt_ros2/build/qt_ros/build/lib/qt_ros/submodules
[1.021s] copying qt_ros/submodules/ui_control.py -> /home/lpc/ros2_project/pyqt_ros2/build/qt_ros/build/lib/qt_ros/submodules
[1.022s] running install
[1.023s] running install_lib
[1.024s] copying /home/lpc/ros2_project/pyqt_ros2/build/qt_ros/build/lib/qt_ros/main_gui.py -> /home/lpc/ros2_project/pyqt_ros2/install/qt_ros/lib/python3.8/site-packages/qt_ros
[1.025s] copying /home/lpc/ros2_project/pyqt_ros2/build/qt_ros/build/lib/qt_ros/submodules/layout.py -> /home/lpc/ros2_project/pyqt_ros2/install/qt_ros/lib/python3.8/site-packages/qt_ros/submodules
[1.025s] copying /home/lpc/ros2_project/pyqt_ros2/build/qt_ros/build/lib/qt_ros/submodules/display_gui.py -> /home/lpc/ros2_project/pyqt_ros2/install/qt_ros/lib/python3.8/site-packages/qt_ros/submodules
[1.025s] copying /home/lpc/ros2_project/pyqt_ros2/build/qt_ros/build/lib/qt_ros/submodules/Ui_mainwin.py -> /home/lpc/ros2_project/pyqt_ros2/install/qt_ros/lib/python3.8/site-packages/qt_ros/submodules
[1.025s] copying /home/lpc/ros2_project/pyqt_ros2/build/qt_ros/build/lib/qt_ros/submodules/ui_control.py -> /home/lpc/ros2_project/pyqt_ros2/install/qt_ros/lib/python3.8/site-packages/qt_ros/submodules
[1.026s] byte-compiling /home/lpc/ros2_project/pyqt_ros2/install/qt_ros/lib/python3.8/site-packages/qt_ros/main_gui.py to main_gui.cpython-38.pyc
[1.028s] byte-compiling /home/lpc/ros2_project/pyqt_ros2/install/qt_ros/lib/python3.8/site-packages/qt_ros/submodules/layout.py to layout.cpython-38.pyc
[1.029s] byte-compiling /home/lpc/ros2_project/pyqt_ros2/install/qt_ros/lib/python3.8/site-packages/qt_ros/submodules/display_gui.py to display_gui.cpython-38.pyc
[1.032s] byte-compiling /home/lpc/ros2_project/pyqt_ros2/install/qt_ros/lib/python3.8/site-packages/qt_ros/submodules/Ui_mainwin.py to Ui_mainwin.cpython-38.pyc
[1.037s] byte-compiling /home/lpc/ros2_project/pyqt_ros2/install/qt_ros/lib/python3.8/site-packages/qt_ros/submodules/ui_control.py to ui_control.cpython-38.pyc
[1.040s] running install_data
[1.041s] running install_egg_info
[1.042s] removing '/home/lpc/ros2_project/pyqt_ros2/install/qt_ros/lib/python3.8/site-packages/qt_ros-0.0.0-py3.8.egg-info' (and everything under it)
[1.042s] Copying ../../build/qt_ros/qt_ros.egg-info to /home/lpc/ros2_project/pyqt_ros2/install/qt_ros/lib/python3.8/site-packages/qt_ros-0.0.0-py3.8.egg-info
[1.043s] running install_scripts
[1.062s] Installing main_gui script to /home/lpc/ros2_project/pyqt_ros2/install/qt_ros/lib/qt_ros
[1.062s] writing list of installed files to '/home/lpc/ros2_project/pyqt_ros2/build/qt_ros/install.log'
[1.085s] Invoked command in '/home/lpc/ros2_project/pyqt_ros2/src/qt_ros' returned '0': PYTHONPATH=/home/lpc/ros2_project/pyqt_ros2/install/qt_ros/lib/python3.8/site-packages:${PYTHONPATH} /usr/bin/python3 setup.py egg_info --egg-base ../../build/qt_ros build --build-base /home/lpc/ros2_project/pyqt_ros2/build/qt_ros/build install --prefix /home/lpc/ros2_project/pyqt_ros2/install/qt_ros --record /home/lpc/ros2_project/pyqt_ros2/build/qt_ros/install.log --single-version-externally-managed
